17:57:14 **** Build of configuration Default for project Esp ****
make all 
Cannot run program "make": Launching failed

Error: Program "make" not found in PATH
PATH=[C:/ST/STM32CubeIDE_1.19.0/STM32CubeIDE//plugins/com.st.stm32cube.ide.jre.win64_3.4.0.202409160955/jre/bin/server;C:/ST/STM32CubeIDE_1.19.0/STM32CubeIDE//plugins/com.st.stm32cube.ide.jre.win64_3.4.0.202409160955/jre/bin;C:\WINDOWS\system32;C:\WINDOWS;C:\WINDOWS\System32\Wbem;C:\WINDOWS\System32\WindowsPowerShell\v1.0\;C:\WINDOWS\System32\OpenSSH\;C:\Program Files\Microsoft SQL Server\Client SDK\ODBC\170\Tools\Binn\;C:\Program Files (x86)\Microsoft SQL Server\150\Tools\Binn\;C:\Program Files\Microsoft SQL Server\150\Tools\Binn\;C:\Program Files\Microsoft SQL Server\150\DTS\Binn\;C:\Program Files (x86)\Microsoft SQL Server\160\DTS\Binn\;C:\Program Files\PuTTY\;C:\Program Files\dotnet\;C:\Users\Lenovo\AppData\Local\Programs\Python\Python313\Scripts\;C:\Users\Lenovo\AppData\Local\Programs\Python\Python313\;C:\Users\Lenovo\AppData\Local\Microsoft\WindowsApps;;C:\Users\Lenovo\Desktop\PRJ\ESP;]
17:59:59 **** Incremental Build of configuration Default for project Esp ****
make all 
Cannot run program "make": Launching failed

Error: Program "make" not found in PATH
PATH=[C:/ST/STM32CubeIDE_1.19.0/STM32CubeIDE//plugins/com.st.stm32cube.ide.jre.win64_3.4.0.202409160955/jre/bin/server;C:/ST/STM32CubeIDE_1.19.0/STM32CubeIDE//plugins/com.st.stm32cube.ide.jre.win64_3.4.0.202409160955/jre/bin;C:\WINDOWS\system32;C:\WINDOWS;C:\WINDOWS\System32\Wbem;C:\WINDOWS\System32\WindowsPowerShell\v1.0\;C:\WINDOWS\System32\OpenSSH\;C:\Program Files\Microsoft SQL Server\Client SDK\ODBC\170\Tools\Binn\;C:\Program Files (x86)\Microsoft SQL Server\150\Tools\Binn\;C:\Program Files\Microsoft SQL Server\150\Tools\Binn\;C:\Program Files\Microsoft SQL Server\150\DTS\Binn\;C:\Program Files (x86)\Microsoft SQL Server\160\DTS\Binn\;C:\Program Files\PuTTY\;C:\Program Files\dotnet\;C:\Users\Lenovo\AppData\Local\Programs\Python\Python313\Scripts\;C:\Users\Lenovo\AppData\Local\Programs\Python\Python313\;C:\Users\Lenovo\AppData\Local\Microsoft\WindowsApps;;C:\ST\STM32CubeIDE_1.19.0\STM32CubeIDE;]
19:22:00 **** Incremental Build of configuration Default for project Esp ****
make all 
Cannot run program "make": Launching failed

Error: Program "make" not found in PATH
PATH=[C:/ST/STM32CubeIDE_1.19.0/STM32CubeIDE//plugins/com.st.stm32cube.ide.jre.win64_3.4.0.202409160955/jre/bin/server;C:/ST/STM32CubeIDE_1.19.0/STM32CubeIDE//plugins/com.st.stm32cube.ide.jre.win64_3.4.0.202409160955/jre/bin;C:\WINDOWS\system32;C:\WINDOWS;C:\WINDOWS\System32\Wbem;C:\WINDOWS\System32\WindowsPowerShell\v1.0\;C:\WINDOWS\System32\OpenSSH\;C:\Program Files\Microsoft SQL Server\Client SDK\ODBC\170\Tools\Binn\;C:\Program Files (x86)\Microsoft SQL Server\150\Tools\Binn\;C:\Program Files\Microsoft SQL Server\150\Tools\Binn\;C:\Program Files\Microsoft SQL Server\150\DTS\Binn\;C:\Program Files (x86)\Microsoft SQL Server\160\DTS\Binn\;C:\Program Files\PuTTY\;C:\Program Files\dotnet\;C:\Users\Lenovo\AppData\Local\Programs\Python\Python313\Scripts\;C:\Users\Lenovo\AppData\Local\Programs\Python\Python313\;C:\Users\Lenovo\AppData\Local\Microsoft\WindowsApps;;C:\ST\STM32CubeIDE_1.19.0\STM32CubeIDE;]
19:26:09 **** Incremental Build of configuration Default for project Esp ****
make all 
Cannot run program "make": Launching failed

Error: Program "make" not found in PATH
PATH=[C:/ST/STM32CubeIDE_1.19.0/STM32CubeIDE//plugins/com.st.stm32cube.ide.jre.win64_3.4.0.202409160955/jre/bin/server;C:/ST/STM32CubeIDE_1.19.0/STM32CubeIDE//plugins/com.st.stm32cube.ide.jre.win64_3.4.0.202409160955/jre/bin;C:\WINDOWS\system32;C:\WINDOWS;C:\WINDOWS\System32\Wbem;C:\WINDOWS\System32\WindowsPowerShell\v1.0\;C:\WINDOWS\System32\OpenSSH\;C:\Program Files\Microsoft SQL Server\Client SDK\ODBC\170\Tools\Binn\;C:\Program Files (x86)\Microsoft SQL Server\150\Tools\Binn\;C:\Program Files\Microsoft SQL Server\150\Tools\Binn\;C:\Program Files\Microsoft SQL Server\150\DTS\Binn\;C:\Program Files (x86)\Microsoft SQL Server\160\DTS\Binn\;C:\Program Files\PuTTY\;C:\Program Files\dotnet\;C:\Users\Lenovo\AppData\Local\Programs\Python\Python313\Scripts\;C:\Users\Lenovo\AppData\Local\Programs\Python\Python313\;C:\Users\Lenovo\AppData\Local\Microsoft\WindowsApps;;C:\ST\STM32CubeIDE_1.19.0\STM32CubeIDE;]
19:29:06 **** Incremental Build of configuration Default for project Esp ****
make all 
Cannot run program "make": Launching failed

Error: Program "make" not found in PATH
PATH=[C:/ST/STM32CubeIDE_1.19.0/STM32CubeIDE//plugins/com.st.stm32cube.ide.jre.win64_3.4.0.202409160955/jre/bin/server;C:/ST/STM32CubeIDE_1.19.0/STM32CubeIDE//plugins/com.st.stm32cube.ide.jre.win64_3.4.0.202409160955/jre/bin;C:\WINDOWS\system32;C:\WINDOWS;C:\WINDOWS\System32\Wbem;C:\WINDOWS\System32\WindowsPowerShell\v1.0\;C:\WINDOWS\System32\OpenSSH\;C:\Program Files\Microsoft SQL Server\Client SDK\ODBC\170\Tools\Binn\;C:\Program Files (x86)\Microsoft SQL Server\150\Tools\Binn\;C:\Program Files\Microsoft SQL Server\150\Tools\Binn\;C:\Program Files\Microsoft SQL Server\150\DTS\Binn\;C:\Program Files (x86)\Microsoft SQL Server\160\DTS\Binn\;C:\Program Files\PuTTY\;C:\Program Files\dotnet\;C:\Users\Lenovo\AppData\Local\Programs\Python\Python313\Scripts\;C:\Users\Lenovo\AppData\Local\Programs\Python\Python313\;C:\Users\Lenovo\AppData\Local\Microsoft\WindowsApps;;C:\ST\STM32CubeIDE_1.19.0\STM32CubeIDE;]
